smem_size = 155744, q = 32768, k = 40960, v = 81920, o = 65536.
smem_size = 198656, q = 16384, k = 32768, v = 65536, do = 32768, ds = 16384, dqacc = 32768
ptr[32b](0x7f033dfff850) o ((_2,_2,_32),_1,_1):((_1,_2,_4),_0,_0):
  9.06e-02
  5.34e-02
 -1.67e-01
  3.05e-01
  6.71e-01
 -8.32e-01
  3.58e-01
  3.86e-01
 -1.12e+00
 -4.93e-01
 -1.34e-01
 -4.56e-01
 -1.68e-01
 -8.25e-01
 -6.91e-01
  7.38e-01
  3.24e-02
 -8.90e-01
  7.37e-01
 -1.05e+00
  2.35e-01
  8.71e-01
 -5.17e-01
 -2.88e-01
  1.74e+00
 -7.79e-01
 -9.68e-01
  1.13e+00
 -6.22e-01
  9.26e-01
  2.68e-01
  2.53e-01
 -3.69e-01
 -1.86e-01
  2.59e-01
  7.06e-01
  1.33e+00
 -1.10e+00
 -1.34e+00
  1.36e-01
  7.36e-01
  3.90e-01
 -1.08e+00
 -9.09e-01
 -1.60e+00
 -9.24e-01
 -5.75e-01
  8.78e-01
 -1.12e+00
  9.45e-01
  3.29e-01
 -1.37e+00
 -1.85e+00
  8.90e-02
  3.87e-01
  3.31e-01
 -5.59e-01
  1.01e-01
 -1.11e+00
 -1.52e+00
  7.86e-01
  1.01e+00
  3.78e-01
 -9.36e-01
 -2.20e-01
 -8.62e-03
  1.02e+00
  4.75e-01
  1.62e+00
 -3.99e-01
 -1.08e+00
  1.26e-01
 -4.13e-01
 -2.24e-01
  1.33e+00
 -2.15e-01
 -5.92e-01
 -7.40e-01
 -1.10e-01
  1.89e+00
  9.13e-01
 -2.52e-01
  2.00e-01
 -1.51e-01
 -7.70e-01
 -4.12e-01
 -3.76e-01
 -9.31e-01
 -6.88e-03
 -1.42e+00
 -1.16e+00
  7.50e-01
  3.17e-02
  9.26e-01
 -1.20e+00
  9.09e-01
  2.50e-01
 -1.08e+00
 -4.16e-01
  7.87e-01
 -5.14e-01
  3.60e-01
 -8.96e-01
  2.22e-01
 -4.66e-01
  1.81e-01
 -2.62e-01
 -5.20e-01
  7.58e-01
 -1.07e+00
 -1.40e-01
 -3.17e-01
  1.49e+00
  1.52e-01
 -8.47e-01
  6.67e-01
  1.32e+00
 -2.00e+00
  6.66e-01
  7.70e-01
  4.96e-01
 -9.95e-01
 -2.61e-01
 -6.17e-01
 -1.74e+00
 -9.12e-01
 -1.22e+00
 -4.09e-01
latency: 201.36697387695312
torch latency: 292.16351318359375
output  all_close=False
all_close=False, max=0.13671875, min=0.0, mean=0.0103759765625
Index: (0, 0, 32, 238), expect: 0.71875, actual: 0.58203125
dv  all_close=False
all_close=False, max=0.0390625, min=0.0, mean=0.0034027099609375
Index: (0, 0, 7, 240), expect: 2.0, actual: 1.9609375
dk  all_close=False
all_close=False, max=0.09375, min=0.0, mean=0.009033203125
Index: (0, 0, 14, 8), expect: 4.65625, actual: 4.5625
dq  all_close=False
all_close=False, max=0.28125, min=0.0, mean=0.0272216796875
Index: (0, 0, 62, 9), expect: 4.375, actual: 4.65625
speedup:1.5x
